Using pre-set license
Built from '2020.3/staging' branch; Version is '2020.3.11f1 (99c7afb366b3) revision 10078127'; Using compiler version '192528614'; Build Type 'Release'
OS: 'Windows 10 Pro; OS build 19043.1586; Version 2009; 64bit' Language: 'fr' Physical Memory: 16118 MB
BatchMode: 1, IsHumanControllingUs: 0, StartBugReporterOnCrash: 0, Is64bit: 1, IsPro: 0

 COMMAND LINE ARGUMENTS:
C:\Program Files\Unity\Hub\Editor\2020.3.11f1\Editor\Unity.exe
-adb2
-batchMode
-noUpm
-name
AssetImportWorker0
-projectPath
C:/Users/Erwan/Documents/projet_unity/Kingdom Adventure 2D
-logFile
Logs/AssetImportWorker0.log
-srvPort
53558
Successfully changed project path to: C:/Users/Erwan/Documents/projet_unity/Kingdom Adventure 2D
C:/Users/Erwan/Documents/projet_unity/Kingdom Adventure 2D
Using Asset Import Pipeline V2.
Refreshing native plugins compatible for Editor in 41.57 ms, found 3 plugins.
Preloading 0 native plugins for Editor in 0.00 ms.
Initialize engine version: 2020.3.11f1 (99c7afb366b3)
[Subsystems] Discovering subsystems at path C:/Program Files/Unity/Hub/Editor/2020.3.11f1/Editor/Data/Resources/UnitySubsystems
[Subsystems] Discovering subsystems at path C:/Users/Erwan/Documents/projet_unity/Kingdom Adventure 2D/Assets
GfxDevice: creating device client; threaded=0
Direct3D:
    Version:  Direct3D 11.0 [level 11.1]
    Renderer: NVIDIA GeForce GTX 1050 Ti with Max-Q Design (ID=0x1c8c)
    Vendor:   
    VRAM:     4021 MB
    Driver:   30.0.14.9613
Initialize mono
Mono path[0] = 'C:/Program Files/Unity/Hub/Editor/2020.3.11f1/Editor/Data/Managed'
Mono path[1] = 'C:/Program Files/Unity/Hub/Editor/2020.3.11f1/Editor/Data/MonoBleedingEdge/lib/mono/unityjit'
Mono config path = 'C:/Program Files/Unity/Hub/Editor/2020.3.11f1/Editor/Data/MonoBleedingEdge/etc'
Using monoOptions --debugger-agent=transport=dt_socket,embedding=1,server=y,suspend=n,address=127.0.0.1:56520
Begin MonoManager ReloadAssembly
Registering precompiled unity dll's ...
Register platform support module: C:/Program Files/Unity/Hub/Editor/2020.3.11f1/Editor/Data/PlaybackEngines/WebGLSupport/UnityEditor.WebGL.Extensions.dll
Register platform support module: C:/Program Files/Unity/Hub/Editor/2020.3.11f1/Editor/Data/PlaybackEngines/WindowsStandaloneSupport/UnityEditor.WindowsStandalone.Extensions.dll
Registered in 0.003035 seconds.
Native extension for WindowsStandalone target not found
Native extension for WebGL target not found
Refreshing native plugins compatible for Editor in 37.03 ms, found 3 plugins.
Preloading 0 native plugins for Editor in 0.00 ms.
Mono: successfully reloaded assembly
- Completed reload, in  1.720 seconds
Platform modules already initialized, skipping
Registering precompiled user dll's ...
Registered in 0.005838 seconds.
Begin MonoManager ReloadAssembly
Native extension for WindowsStandalone target not found
Native extension for WebGL target not found
Refreshing native plugins compatible for Editor in 37.75 ms, found 3 plugins.
Preloading 0 native plugins for Editor in 0.00 ms.
Mono: successfully reloaded assembly
- Completed reload, in  1.086 seconds
Platform modules already initialized, skipping
========================================================================
Worker process is ready to serve import requests
Launched and connected shader compiler UnityShaderCompiler.exe after 0.05 seconds
Refreshing native plugins compatible for Editor in 0.41 ms, found 3 plugins.
Preloading 0 native plugins for Editor in 0.00 ms.
Unloading 2114 Unused Serialized files (Serialized files now loaded: 0)
System memory in use before: 93.8 MB.
System memory in use after: 93.7 MB.

Unloading 33 unused Assets to reduce memory usage. Loaded Objects now: 2549.
Total: 2.416300 ms (FindLiveObjects: 0.193500 ms CreateObjectMapping: 0.071700 ms MarkObjects: 2.029600 ms  DeleteObjects: 0.120400 ms)

========================================================================
Received Import Request.
  path: Assets/Prefabs/GameManager.prefab
  artifactKey: Guid(ae323e990cc39cc4e9ce3dc53c1c1c0c) Importer(815301076,1909f56bfc062723c751e8b465ee728b)
Start importing Assets/Prefabs/GameManager.prefab using Guid(ae323e990cc39cc4e9ce3dc53c1c1c0c) Importer(815301076,1909f56bfc062723c751e8b465ee728b)  -> (artifact id: '7caefadcad07c2b80a412eac05118588') in 0.055011 seconds
  Import took 0.058190 seconds .

========================================================================
Received Import Request.
  Time since last request: 0.000299 seconds.
  path: Assets/Prefabs/Canvas.prefab
  artifactKey: Guid(9e30e4896c03ef94bbe1f56b77a8b97b) Importer(815301076,1909f56bfc062723c751e8b465ee728b)
Start importing Assets/Prefabs/Canvas.prefab using Guid(9e30e4896c03ef94bbe1f56b77a8b97b) Importer(815301076,1909f56bfc062723c751e8b465ee728b)  -> (artifact id: '0a174340aa42385649524033e408d14f') in 0.054911 seconds
  Import took 0.058179 seconds .

========================================================================
Received Import Request.
  Time since last request: 0.000380 seconds.
  path: Assets/Prefabs/SettingsWindow.prefab
  artifactKey: Guid(2192ad26720d8fb47b55fc0424ac48dc) Importer(815301076,1909f56bfc062723c751e8b465ee728b)
Start importing Assets/Prefabs/SettingsWindow.prefab using Guid(2192ad26720d8fb47b55fc0424ac48dc) Importer(815301076,1909f56bfc062723c751e8b465ee728b)  -> (artifact id: 'c6a3035e89fb56bf7def09b4942d6e9a') in 0.006794 seconds
  Import took 0.009943 seconds .

========================================================================
Received Import Request.
  Time since last request: 5.432100 seconds.
  path: Assets/Scenes/Select Level.unity
  artifactKey: Guid(763f9b55e31611f4e9db97b10c63f77c) Importer(815301076,1909f56bfc062723c751e8b465ee728b)
Start importing Assets/Scenes/Select Level.unity using Guid(763f9b55e31611f4e9db97b10c63f77c) Importer(815301076,1909f56bfc062723c751e8b465ee728b)  -> (artifact id: '941ed049d900dcdcb92be253a66506fb') in 0.002848 seconds
  Import took 0.006408 seconds .

========================================================================
Received Import Request.
  Time since last request: 34.298395 seconds.
  path: Assets/Scenes/Level 01.unity
  artifactKey: Guid(2cda990e2423bbf4892e6590ba056729) Importer(815301076,1909f56bfc062723c751e8b465ee728b)
Start importing Assets/Scenes/Level 01.unity using Guid(2cda990e2423bbf4892e6590ba056729) Importer(815301076,1909f56bfc062723c751e8b465ee728b)  -> (artifact id: '71274342233f98f4bf2d5bbfc5957f39') in 0.003994 seconds
  Import took 0.009308 seconds .

========================================================================
Received Prepare
Registering precompiled user dll's ...
Registered in 0.005345 seconds.
Begin MonoManager ReloadAssembly
Native extension for WindowsStandalone target not found
Native extension for WebGL target not found
Refreshing native plugins compatible for Editor in 0.45 ms, found 3 plugins.
Preloading 0 native plugins for Editor in 0.00 ms.
Mono: successfully reloaded assembly
- Completed reload, in  1.003 seconds
Platform modules already initialized, skipping
Refreshing native plugins compatible for Editor in 0.42 ms, found 3 plugins.
Preloading 0 native plugins for Editor in 0.00 ms.
Unloading 2109 Unused Serialized files (Serialized files now loaded: 0)
System memory in use before: 93.9 MB.
System memory in use after: 93.9 MB.

Unloading 27 unused Assets to reduce memory usage. Loaded Objects now: 2555.
Total: 2.218700 ms (FindLiveObjects: 0.165000 ms CreateObjectMapping: 0.067400 ms MarkObjects: 1.879100 ms  DeleteObjects: 0.106300 ms)

========================================================================
Received Prepare
Registering precompiled user dll's ...
Registered in 0.006275 seconds.
Begin MonoManager ReloadAssembly
Native extension for WindowsStandalone target not found
Native extension for WebGL target not found
Refreshing native plugins compatible for Editor in 0.46 ms, found 3 plugins.
Preloading 0 native plugins for Editor in 0.00 ms.
Mono: successfully reloaded assembly
- Completed reload, in  1.036 seconds
Platform modules already initialized, skipping
Refreshing native plugins compatible for Editor in 0.45 ms, found 3 plugins.
Preloading 0 native plugins for Editor in 0.00 ms.
Unloading 2109 Unused Serialized files (Serialized files now loaded: 0)
System memory in use before: 93.9 MB.
System memory in use after: 93.9 MB.

Unloading 21 unused Assets to reduce memory usage. Loaded Objects now: 2559.
Total: 2.188400 ms (FindLiveObjects: 0.174500 ms CreateObjectMapping: 0.059900 ms MarkObjects: 1.819000 ms  DeleteObjects: 0.134200 ms)

AssetImportWorkerClient::OnTransportError - code=2 error=End of file
